[38;5;209m[12:41:35.052][39m [38;5;68mbuilder start[39m
[38;5;209m[12:41:35.057][39m [38;5;68mbundleCss start[39m
[38;5;209m[12:41:35.070][39m [38;5;68mionicSass start[39m
[38;5;209m[12:41:35.087][39m [38;5;68mbundleJs start[39m
[38;5;209m[12:41:35.149][39m [38;5;68mpackFeatures start[39m
[38;5;209m[12:41:38.887][39m [38;5;23mpackFeatures success[39m
[38;5;209m[12:41:38.887][39m [38;5;23mionicSass success[39m
[38;5;209m[12:41:42.813][39m [38;5;23mbundleJs success[39m
[38;5;209m[12:41:42.814][39m [38;5;23mbundleCss success[39m
[34mRebuilding: [39m[32mandroid ...[39m
cordova --silent platform remove android --nosave

You have been opted out of telemetry. To change this, run: cordova telemetry on.
cordova --silent platform add /home/anders/devs/xtraball/Siberian/platforms/Android --nosave

You have been opted out of telemetry. To change this, run: cordova telemetry on.
[34mInstalling: [39m[31mPromises...[39m
plugman install --platform android --project /home/anders/devs/xtraball/Siberian/ionic/platforms/android --silent --plugin /home/anders/devs/xtraball/Siberian/plugins/Promises 
[34mInstalling: [39m[31mAppVersion...[39m
plugman install --platform android --project /home/anders/devs/xtraball/Siberian/ionic/platforms/android --silent --plugin /home/anders/devs/xtraball/Siberian/plugins/AppVersion 
[34mInstalling: [39m[31mBadge...[39m
plugman install --platform android --project /home/anders/devs/xtraball/Siberian/ionic/platforms/android --silent --plugin /home/anders/devs/xtraball/Siberian/plugins/Badge 
[34mInstalling: [39m[31mBarcodeScanner...[39m
plugman install --platform android --project /home/anders/devs/xtraball/Siberian/ionic/platforms/android --silent --plugin /home/anders/devs/xtraball/Siberian/plugins/BarcodeScanner 
[34mInstalling: [39m[31mBrowserTab...[39m
plugman install --platform android --project /home/anders/devs/xtraball/Siberian/ionic/platforms/android --silent --plugin /home/anders/devs/xtraball/Siberian/plugins/BrowserTab 
[34mInstalling: [39m[31mCamera...[39m
plugman install --platform android --project /home/anders/devs/xtraball/Siberian/ionic/platforms/android --silent --plugin /home/anders/devs/xtraball/Siberian/plugins/Camera 
[34mInstalling: [39m[31mClipboard...[39m
plugman install --platform android --project /home/anders/devs/xtraball/Siberian/ionic/platforms/android --silent --plugin /home/anders/devs/xtraball/Siberian/plugins/Clipboard 
[34mInstalling: [39m[31mDevice...[39m
plugman install --platform android --project /home/anders/devs/xtraball/Siberian/ionic/platforms/android --silent --plugin /home/anders/devs/xtraball/Siberian/plugins/Device 
[34mInstalling: [39m[31mFile...[39m
plugman install --platform android --project /home/anders/devs/xtraball/Siberian/ionic/platforms/android --silent --plugin /home/anders/devs/xtraball/Siberian/plugins/File 
[34mInstalling: [39m[31mGeolocation...[39m
plugman install --platform android --project /home/anders/devs/xtraball/Siberian/ionic/platforms/android --silent --plugin /home/anders/devs/xtraball/Siberian/plugins/Geolocation 
[34mInstalling: [39m[31mInAppBrowser...[39m
plugman install --platform android --project /home/anders/devs/xtraball/Siberian/ionic/platforms/android --silent --plugin /home/anders/devs/xtraball/Siberian/plugins/InAppBrowser 
[34mInstalling: [39m[31mKeyboard...[39m
plugman install --platform android --project /home/anders/devs/xtraball/Siberian/ionic/platforms/android --silent --plugin /home/anders/devs/xtraball/Siberian/plugins/Keyboard 
[34mInstalling: [39m[31mSocialSharing...[39m
plugman install --platform android --project /home/anders/devs/xtraball/Siberian/ionic/platforms/android --silent --plugin /home/anders/devs/xtraball/Siberian/plugins/SocialSharing 
[34mInstalling: [39m[31mStatusBar...[39m
plugman install --platform android --project /home/anders/devs/xtraball/Siberian/ionic/platforms/android --silent --plugin /home/anders/devs/xtraball/Siberian/plugins/StatusBar 
[34mInstalling: [39m[31mLocalNotifications...[39m
plugman install --platform android --project /home/anders/devs/xtraball/Siberian/ionic/platforms/android --silent --plugin /home/anders/devs/xtraball/Siberian/plugins/LocalNotifications 
[34mInstalling: [39m[31mInsomnia...[39m
plugman install --platform android --project /home/anders/devs/xtraball/Siberian/ionic/platforms/android --silent --plugin /home/anders/devs/xtraball/Siberian/plugins/Insomnia 
[34mInstalling: [39m[31mMusicControls...[39m
plugman install --platform android --project /home/anders/devs/xtraball/Siberian/ionic/platforms/android --silent --plugin /home/anders/devs/xtraball/Siberian/plugins/MusicControls 
[34mInstalling: [39m[31mMediaNative...[39m
plugman install --platform android --project /home/anders/devs/xtraball/Siberian/ionic/platforms/android --silent --plugin /home/anders/devs/xtraball/Siberian/plugins/MediaNative 
[34mInstalling: [39m[31mNavigator...[39m
plugman install --platform android --project /home/anders/devs/xtraball/Siberian/ionic/platforms/android --silent --plugin /home/anders/devs/xtraball/Siberian/plugins/Navigator 
[34mInstalling: [39m[31mOnesignal...[39m
plugman install --platform android --project /home/anders/devs/xtraball/Siberian/ionic/platforms/android --silent --plugin /home/anders/devs/xtraball/Siberian/plugins/Onesignal 
[34mInstalling: [39m[31mPermissions...[39m
plugman install --platform android --project /home/anders/devs/xtraball/Siberian/ionic/platforms/android --silent --plugin /home/anders/devs/xtraball/Siberian/plugins/Permissions 
[34mInstalling: [39m[31mCorePlugin...[39m
plugman install --platform android --project /home/anders/devs/xtraball/Siberian/ionic/platforms/android --silent --plugin /home/anders/devs/xtraball/Siberian/plugins/CorePlugin 
[34mInstalling: [39m[31mToast...[39m
plugman install --platform android --project /home/anders/devs/xtraball/Siberian/ionic/platforms/android --silent --plugin /home/anders/devs/xtraball/Siberian/plugins/Toast 
[34mInstalling: [39m[31mIonicWebview...[39m
plugman install --platform android --project /home/anders/devs/xtraball/Siberian/ionic/platforms/android --silent --plugin /home/anders/devs/xtraball/Siberian/plugins/IonicWebview 
[34mInstalling: [39m[31mWebView...[39m
plugman install --platform android --project /home/anders/devs/xtraball/Siberian/ionic/platforms/android --silent --plugin /home/anders/devs/xtraball/Siberian/plugins/WebView 
cordova --silent build --release android -- 

You have been opted out of telemetry. To change this, run: cordova telemetry on.
Checking Java JDK and Android SDK versions
ANDROID_HOME=/home/anders/Android/Sdk (recommended setting)
ANDROID_SDK_ROOT=undefined (DEPRECATED)
Using Android SDK: /home/anders/Android/Sdk
:wrapper

BUILD SUCCESSFUL in 0s
1 actionable task: 1 executed

> Configure project :app
WARNING: Using flatDir should be avoided because it doesn't support any meta-data formats.

> Task :app:preBuild UP-TO-DATE
> Task :app:preReleaseBuild UP-TO-DATE
> Task :app:generateReleaseResValues
> Task :CordovaLib:preBuild UP-TO-DATE
> Task :CordovaLib:preReleaseBuild UP-TO-DATE
> Task :CordovaLib:generateReleaseResValues
> Task :CordovaLib:generateReleaseResources
> Task :CordovaLib:packageReleaseResources
> Task :app:mapReleaseSourceSetPaths
> Task :app:generateReleaseResources
> Task :app:createReleaseCompatibleScreenManifests
> Task :app:extractDeepLinksRelease
> Task :CordovaLib:extractDeepLinksRelease
> Task :CordovaLib:writeReleaseAarMetadata
> Task :CordovaLib:processReleaseManifest
> Task :app:packageReleaseResources
> Task :app:mergeReleaseResources
> Task :app:processReleaseMainManifest
> Task :app:processReleaseManifest
> Task :app:processApplicationManifestReleaseForBundle
> Task :app:checkReleaseAarMetadata
> Task :app:parseReleaseLocalResources
> Task :CordovaLib:compileReleaseLibraryResources
> Task :app:extractReleaseVersionControlInfo
> Task :app:processReleaseManifestForPackage
> Task :CordovaLib:parseReleaseLocalResources
> Task :CordovaLib:javaPreCompileRelease
> Task :app:checkReleaseDuplicateClasses
> Task :CordovaLib:generateReleaseRFile
> Task :app:buildKotlinToolingMetadata
> Task :app:processReleaseResources FAILED

Deprecated Gradle features were used in this build, making it incompatible with Gradle 9.0.

You can use '--warning-mode all' to show the individual deprecation warnings and determine if they come from your own scripts or plugins.

For more on this, please refer to https://docs.gradle.org/8.7/userguide/command_line_interface.html#sec:command_line_warnings in the Gradle documentation.
27 actionable tasks: 27 executed
Patching app/src/main/AndroidManifest.xml...
[32mPatching platform project for Previewer ...[39m
[32m[Android][39m
[32mPatching done.[39m
Copying android ...
sending incremental file list
android/
android/.gitignore
android/android.json
android/build.gradle
android/cdv-gradle-config.json
android/cdv-gradle-name.gradle
android/config.bck.xml
android/gradle.properties
android/project.properties
android/repositories.gradle
android/settings.gradle
android/.gradle/
android/.gradle/8.7/
android/.gradle/8.7/gc.properties
android/.gradle/8.7/checksums/
android/.gradle/8.7/checksums/checksums.lock
android/.gradle/8.7/dependencies-accessors/
android/.gradle/8.7/dependencies-accessors/gc.properties
android/.gradle/8.7/executionHistory/
android/.gradle/8.7/executionHistory/executionHistory.bin
android/.gradle/8.7/executionHistory/executionHistory.lock
android/.gradle/8.7/expanded/
android/.gradle/8.7/fileChanges/
android/.gradle/8.7/fileChanges/last-build.bin
android/.gradle/8.7/fileHashes/
android/.gradle/8.7/fileHashes/fileHashes.bin
android/.gradle/8.7/fileHashes/fileHashes.lock
android/.gradle/8.7/vcsMetadata/
android/.gradle/buildOutputCleanup/
android/.gradle/buildOutputCleanup/buildOutputCleanup.lock
android/.gradle/buildOutputCleanup/cache.properties
android/.gradle/buildOutputCleanup/outputFiles.bin
android/.gradle/vcs-1/
android/.gradle/vcs-1/gc.properties
android/Badge/
android/Badge/base-badge.gradle
android/BarcodeScanner/
android/BarcodeScanner/base-barcodescanner.gradle
android/CordovaLib/
android/CordovaLib/AndroidManifest.xml
android/CordovaLib/build.gradle
android/CordovaLib/cordova.gradle
android/CordovaLib/project.properties
android/CordovaLib/repositories.gradle
android/CordovaLib/src/
android/CordovaLib/src/org/
android/CordovaLib/src/org/apache/
android/CordovaLib/src/org/apache/cordova/
android/CordovaLib/src/org/apache/cordova/AllowList.java
android/CordovaLib/src/org/apache/cordova/AllowListPlugin.java
android/CordovaLib/src/org/apache/cordova/AuthenticationToken.java
android/CordovaLib/src/org/apache/cordova/BuildHelper.java
android/CordovaLib/src/org/apache/cordova/CallbackContext.java
android/CordovaLib/src/org/apache/cordova/CallbackMap.java
android/CordovaLib/src/org/apache/cordova/Config.java
android/CordovaLib/src/org/apache/cordova/ConfigXmlParser.java
android/CordovaLib/src/org/apache/cordova/CordovaActivity.java
android/CordovaLib/src/org/apache/cordova/CordovaArgs.java
android/CordovaLib/src/org/apache/cordova/CordovaBridge.java
android/CordovaLib/src/org/apache/cordova/CordovaClientCertRequest.java
android/CordovaLib/src/org/apache/cordova/CordovaDialogsHelper.java
android/CordovaLib/src/org/apache/cordova/CordovaHttpAuthHandler.java
android/CordovaLib/src/org/apache/cordova/CordovaInterface.java
android/CordovaLib/src/org/apache/cordova/CordovaInterfaceImpl.java
android/CordovaLib/src/org/apache/cordova/CordovaPlugin.java
android/CordovaLib/src/org/apache/cordova/CordovaPluginPathHandler.java
android/CordovaLib/src/org/apache/cordova/CordovaPreferences.java
android/CordovaLib/src/org/apache/cordova/CordovaResourceApi.java
android/CordovaLib/src/org/apache/cordova/CordovaWebView.java
android/CordovaLib/src/org/apache/cordova/CordovaWebViewEngine.java
android/CordovaLib/src/org/apache/cordova/CordovaWebViewImpl.java
android/CordovaLib/src/org/apache/cordova/CoreAndroid.java
android/CordovaLib/src/org/apache/cordova/ExposedJsApi.java
android/CordovaLib/src/org/apache/cordova/ICordovaClientCertRequest.java
android/CordovaLib/src/org/apache/cordova/ICordovaCookieManager.java
android/CordovaLib/src/org/apache/cordova/ICordovaHttpAuthHandler.java
android/CordovaLib/src/org/apache/cordova/LOG.java
android/CordovaLib/src/org/apache/cordova/NativeToJsMessageQueue.java
android/CordovaLib/src/org/apache/cordova/PermissionHelper.java
android/CordovaLib/src/org/apache/cordova/PluginEntry.java
android/CordovaLib/src/org/apache/cordova/PluginManager.java
android/CordovaLib/src/org/apache/cordova/PluginResult.java
android/CordovaLib/src/org/apache/cordova/ResumeCallback.java
android/CordovaLib/src/org/apache/cordova/SplashScreenPlugin.java
android/CordovaLib/src/org/apache/cordova/allowlist/
android/CordovaLib/src/org/apache/cordova/allowlist/index.html
android/CordovaLib/src/org/apache/cordova/allowlist/index2.html
android/CordovaLib/src/org/apache/cordova/engine/
android/CordovaLib/src/org/apache/cordova/engine/SystemCookieManager.java
android/CordovaLib/src/org/apache/cordova/engine/SystemExposedJsApi.java
android/CordovaLib/src/org/apache/cordova/engine/SystemWebChromeClient.java
android/CordovaLib/src/org/apache/cordova/engine/SystemWebView.java
android/CordovaLib/src/org/apache/cordova/engine/SystemWebViewClient.java
android/CordovaLib/src/org/apache/cordova/engine/SystemWebViewEngine.java
android/LocalNotification/
android/LocalNotification/base-localnotification.gradle
android/app/
android/app/build.gradle
android/app/google-services.json
android/app/repositories.gradle
android/app/libs/
android/app/libs/barcodescanner-release-2.1.5.aar
android/app/src/
android/app/src/main/
android/app/src/main/AndroidManifest.xml
android/app/src/main/assets/
android/app/src/main/assets/www/
android/app/src/main/assets/www/.htaccess
android/app/src/main/assets/www/cordova.js
android/app/src/main/assets/www/cordova_plugins.js
android/app/src/main/assets/www/index.html
android/app/src/main/assets/www/css/
android/app/src/main/assets/www/css/angular-carousel.min.css
android/app/src/main/assets/www/css/app.css
android/app/src/main/assets/www/css/app.min.css
android/app/src/main/assets/www/css/ion-gallery.css
android/app/src/main/assets/www/css/ionRadioFix.css
android/app/src/main/assets/www/css/ionic.app.min.css
android/app/src/main/assets/www/css/ng-animation.css
android/app/src/main/assets/www/css/style.css
android/app/src/main/assets/www/css/layouts/
android/app/src/main/assets/www/css/layouts/l1.css
android/app/src/main/assets/www/css/layouts/l10.css
android/app/src/main/assets/www/css/layouts/l14.css
android/app/src/main/assets/www/css/layouts/l15.css
android/app/src/main/assets/www/css/layouts/l16.css
android/app/src/main/assets/www/css/layouts/l17.css
android/app/src/main/assets/www/css/layouts/l2.css
android/app/src/main/assets/www/css/layouts/l3.css
android/app/src/main/assets/www/css/layouts/l3_h_l11.css
android/app/src/main/assets/www/css/layouts/l4.css
android/app/src/main/assets/www/css/layouts/l4_h_l12.css
android/app/src/main/assets/www/css/layouts/l5.css
android/app/src/main/assets/www/css/layouts/l5_h_l13.css
android/app/src/main/assets/www/css/layouts/l6.css
android/app/src/main/assets/www/css/layouts/l7.css
android/app/src/main/assets/www/css/layouts/l8.css
android/app/src/main/assets/www/css/layouts/l9.css
android/app/src/main/assets/www/css/layouts/layout.css
android/app/src/main/assets/www/dist/
android/app/src/main/assets/www/dist/app.bundle.min.css
android/app/src/main/assets/www/dist/app.libs.min.js
android/app/src/main/assets/www/dist/app.min.js
android/app/src/main/assets/www/dist/directives.bundle.min.js
android/app/src/main/assets/www/dist/features.bundle.min.js
android/app/src/main/assets/www/dist/libraries.bundle.min.js
android/app/src/main/assets/www/dist/onloadchunks.bundle.min.js
android/app/src/main/assets/www/dist/providers.bundle.min.js
android/app/src/main/assets/www/dist/services.bundle.min.js
android/app/src/main/assets/www/dist/templates.js
android/app/src/main/assets/www/dist/utils.bundle.min.js
android/app/src/main/assets/www/dist/lazy/
android/app/src/main/assets/www/dist/lazy/angular-carousel.min.js
android/app/src/main/assets/www/dist/lazy/html5-qrcode.min.js
android/app/src/main/assets/www/dist/lazy/moment.min.js
android/app/src/main/assets/www/dist/lazy/progressbar.min.js
android/app/src/main/assets/www/dist/lazy/baguette/
android/app/src/main/assets/www/dist/lazy/baguette/baguetteBox.min.css
android/app/src/main/assets/www/dist/lazy/baguette/baguetteBox.min.js
android/app/src/main/assets/www/dist/lazy/intl-tel-input/
android/app/src/main/assets/www/dist/lazy/intl-tel-input/css/
android/app/src/main/assets/www/dist/lazy/intl-tel-input/css/intlTelInput.css
android/app/src/main/assets/www/dist/lazy/intl-tel-input/css/intlTelInput.min.css
android/app/src/main/assets/www/dist/lazy/intl-tel-input/img/
android/app/src/main/assets/www/dist/lazy/intl-tel-input/img/flags.png
android/app/src/main/assets/www/dist/lazy/intl-tel-input/img/flags@2x.png
android/app/src/main/assets/www/dist/lazy/intl-tel-input/js/
android/app/src/main/assets/www/dist/lazy/intl-tel-input/js/data.js
android/app/src/main/assets/www/dist/lazy/intl-tel-input/js/data.min.js
android/app/src/main/assets/www/dist/lazy/intl-tel-input/js/intlTelInput.js
android/app/src/main/assets/www/dist/lazy/intl-tel-input/js/intlTelInput.min.js
android/app/src/main/assets/www/dist/lazy/intl-tel-input/js/utils.js
android/app/src/main/assets/www/dist/lazy/picker/
android/app/src/main/assets/www/dist/lazy/picker/picker.js
android/app/src/main/assets/www/dist/lazy/picker/picker.min.css
android/app/src/main/assets/www/dist/lazy/picker/picker.min.js
android/app/src/main/assets/www/dist/lazy/toastr/
android/app/src/main/assets/www/dist/lazy/toastr/toastr.css
android/app/src/main/assets/www/dist/lazy/toastr/toastr.js
android/app/src/main/assets/www/dist/packed/
android/app/src/main/assets/www/dist/packed/application.bundle.min.js
android/app/src/main/assets/www/dist/packed/booking.bundle.min.js
android/app/src/main/assets/www/dist/packed/catalog.bundle.min.js
android/app/src/main/assets/www/dist/packed/cms.bundle.min.js
android/app/src/main/assets/www/dist/packed/codescan.bundle.min.js
android/app/src/main/assets/www/dist/packed/contact.bundle.min.js
android/app/src/main/assets/www/dist/packed/discount.bundle.min.js
android/app/src/main/assets/www/dist/packed/event.bundle.min.js
android/app/src/main/assets/www/dist/packed/facebook.bundle.min.js
android/app/src/main/assets/www/dist/packed/folder.bundle.min.js
android/app/src/main/assets/www/dist/packed/form.bundle.min.js
android/app/src/main/assets/www/dist/packed/homepage.bundle.min.js
android/app/src/main/assets/www/dist/packed/image.bundle.min.js
android/app/src/main/assets/www/dist/packed/links.bundle.min.js
android/app/src/main/assets/www/dist/packed/loyalty_card.bundle.min.js
android/app/src/main/assets/www/dist/packed/maps.bundle.min.js
android/app/src/main/assets/www/dist/packed/media.bundle.min.js
android/app/src/main/assets/www/dist/packed/newswall.bundle.min.js
android/app/src/main/assets/www/dist/packed/padlock.bundle.min.js
android/app/src/main/assets/www/dist/packed/privacy_policy.bundle.min.js
android/app/src/main/assets/www/dist/packed/push.bundle.min.js
android/app/src/main/assets/www/dist/packed/radio.bundle.min.js
android/app/src/main/assets/www/dist/packed/rss.bundle.min.js
android/app/src/main/assets/www/dist/packed/social_gaming.bundle.min.js
android/app/src/main/assets/www/dist/packed/source_code.bundle.min.js
android/app/src/main/assets/www/dist/packed/tip.bundle.min.js
android/app/src/main/assets/www/dist/packed/topic.bundle.min.js
android/app/src/main/assets/www/dist/packed/twitter.bundle.min.js
android/app/src/main/assets/www/dist/packed/video.bundle.min.js
android/app/src/main/assets/www/dist/packed/weather.bundle.min.js
android/app/src/main/assets/www/dist/packed/wordpress.bundle.min.js
android/app/src/main/assets/www/dist/packed/youtube.bundle.min.js
android/app/src/main/assets/www/features/
android/app/src/main/assets/www/features/.gitignore
android/app/src/main/assets/www/img/
android/app/src/main/assets/www/img/drop-alpha.png
android/app/src/main/assets/www/img/drop-color.png
android/app/src/main/assets/www/img/drop-shine.png
android/app/src/main/assets/www/img/drop-shine2.png
android/app/src/main/assets/www/img/ionic.png
android/app/src/main/assets/www/img/cluster/
android/app/src/main/assets/www/img/cluster/m1.png
android/app/src/main/assets/www/img/cluster/m2.png
android/app/src/main/assets/www/img/cluster/m3.png
android/app/src/main/assets/www/img/cluster/m4.png
android/app/src/main/assets/www/img/cluster/m5.png
android/app/src/main/assets/www/img/loyaltycard/
android/app/src/main/assets/www/img/loyaltycard/point-validated.png
android/app/src/main/assets/www/img/loyaltycard/point.png
android/app/src/main/assets/www/img/pictos/
android/app/src/main/assets/www/img/pictos/sprite-play.png
android/app/src/main/assets/www/img/placeholder/
android/app/src/main/assets/www/img/placeholder/530.272.png
android/app/src/main/assets/www/img/placeholder/blank-512.png
android/app/src/main/assets/www/img/placeholder/white-1.png
android/app/src/main/assets/www/img/water/
android/app/src/main/assets/www/img/water/texture-bg.png
android/app/src/main/assets/www/img/water/texture-fg.png
android/app/src/main/assets/www/img/weather/
android/app/src/main/assets/www/img/weather/texture-drizzle-bg.png
android/app/src/main/assets/www/img/weather/texture-drizzle-fg.png
android/app/src/main/assets/www/img/weather/texture-fallout-bg.png
android/app/src/main/assets/www/img/weather/texture-fallout-fg.png
android/app/src/main/assets/www/img/weather/texture-rain-bg.png
android/app/src/main/assets/www/img/weather/texture-rain-fg.png
android/app/src/main/assets/www/img/weather/texture-storm-lightning-bg.png
android/app/src/main/assets/www/img/weather/texture-storm-lightning-fg.png
android/app/src/main/assets/www/img/weather/texture-sun-bg.png
android/app/src/main/assets/www/img/weather/texture-sun-fg.png
android/app/src/main/assets/www/js/
android/app/src/main/assets/www/js/app.js
android/app/src/main/assets/www/js/controllers/
android/app/src/main/assets/www/js/controllers/application.js
android/app/src/main/assets/www/js/controllers/booking.js
android/app/src/main/assets/www/js/controllers/catalog.js
android/app/src/main/assets/www/js/controllers/cms.js
android/app/src/main/assets/www/js/controllers/contact.js
android/app/src/main/assets/www/js/controllers/customer.js
android/app/src/main/assets/www/js/controllers/discount.js
android/app/src/main/assets/www/js/controllers/event.js
android/app/src/main/assets/www/js/controllers/facebook.js
android/app/src/main/assets/www/js/controllers/homepage.js
android/app/src/main/assets/www/js/controllers/image.js
android/app/src/main/assets/www/js/controllers/links.js
android/app/src/main/assets/www/js/controllers/locked.js
android/app/src/main/assets/www/js/controllers/loyalty-card.js
android/app/src/main/assets/www/js/controllers/maps.js
android/app/src/main/assets/www/js/controllers/music.js
android/app/src/main/assets/www/js/controllers/newswall.js
android/app/src/main/assets/www/js/controllers/not-supported-controller.js
android/app/src/main/assets/www/js/controllers/padlock.js
android/app/src/main/assets/www/js/controllers/privacy-policy.js
android/app/src/main/assets/www/js/controllers/push.js
android/app/src/main/assets/www/js/controllers/rss.js
android/app/src/main/assets/www/js/controllers/set-meal.js
android/app/src/main/assets/www/js/controllers/social-gaming.js
android/app/src/main/assets/www/js/controllers/source-code.js
android/app/src/main/assets/www/js/controllers/tip.js
android/app/src/main/assets/www/js/controllers/topic.js
android/app/src/main/assets/www/js/controllers/twitter.js
android/app/src/main/assets/www/js/controllers/video.js
android/app/src/main/assets/www/js/directives/
android/app/src/main/assets/www/js/directives/datetime.js
android/app/src/main/assets/www/js/directives/location-button.js
android/app/src/main/assets/www/js/directives/repeat-done.js
android/app/src/main/assets/www/js/directives/sb-a-click.js
android/app/src/main/assets/www/js/directives/sb-album-boxes.js
android/app/src/main/assets/www/js/directives/sb-app-locked.js
android/app/src/main/assets/www/js/directives/sb-clickwrap.js
android/app/src/main/assets/www/js/directives/sb-cms.js
android/app/src/main/assets/www/js/directives/sb-custom-tab.js
android/app/src/main/assets/www/js/directives/sb-datetime-picker.js
android/app/src/main/assets/www/js/directives/sb-events.js
android/app/src/main/assets/www/js/directives/sb-google-autocomplete.js
android/app/src/main/assets/www/js/directives/sb-html.js
android/app/src/main/assets/www/js/directives/sb-image.js
android/app/src/main/assets/www/js/directives/sb-input-number.js
android/app/src/main/assets/www/js/directives/sb-maps.js
android/app/src/main/assets/www/js/directives/sb-media-player-controls.js
android/app/src/main/assets/www/js/directives/sb-nav-view.js
android/app/src/main/assets/www/js/directives/sb-pad.js
android/app/src/main/assets/www/js/directives/sb-padlock.js
android/app/src/main/assets/www/js/directives/sb-page-background.js
android/app/src/main/assets/www/js/directives/sb-side-menu.js
android/app/src/main/assets/www/js/directives/sb-tabbar.js
android/app/src/main/assets/www/js/directives/sb-tooltip.js
android/app/src/main/assets/www/js/directives/sb-video.js
android/app/src/main/assets/www/js/directives/slidingTabsDirective.js
android/app/src/main/assets/www/js/factory/
android/app/src/main/assets/www/js/factory/booking.js
android/app/src/main/assets/www/js/factory/catalog.js
android/app/src/main/assets/www/js/factory/cms.js
android/app/src/main/assets/www/js/factory/codescan.js
android/app/src/main/assets/www/js/factory/contact.js
android/app/src/main/assets/www/js/factory/customer.js
android/app/src/main/assets/www/js/factory/discount.js
android/app/src/main/assets/www/js/factory/event.js
android/app/src/main/assets/www/js/factory/facebook.js
android/app/src/main/assets/www/js/factory/image.js
android/app/src/main/assets/www/js/factory/links.js
android/app/src/main/assets/www/js/factory/loyalty-card.js
android/app/src/main/assets/www/js/factory/maps.js
android/app/src/main/assets/www/js/factory/music.js
android/app/src/main/assets/www/js/factory/newswall.js
android/app/src/main/assets/www/js/factory/padlock.js
android/app/src/main/assets/www/js/factory/pages.js
android/app/src/main/assets/www/js/factory/push.js
android/app/src/main/assets/www/js/factory/rss.js
android/app/src/main/assets/www/js/factory/search.js
android/app/src/main/assets/www/js/factory/set-meal.js
android/app/src/main/assets/www/js/factory/social-gaming.js
android/app/src/main/assets/www/js/factory/source-code.js
android/app/src/main/assets/www/js/factory/tc.js
android/app/src/main/assets/www/js/factory/tip.js
android/app/src/main/assets/www/js/factory/topic.js
android/app/src/main/assets/www/js/factory/twitter.js
android/app/src/main/assets/www/js/factory/video.js
android/app/src/main/assets/www/js/factory/youtube.js
android/app/src/main/assets/www/js/features/
android/app/src/main/assets/www/js/features/application.js
android/app/src/main/assets/www/js/features/booking.js
android/app/src/main/assets/www/js/features/catalog.js
android/app/src/main/assets/www/js/features/cms.js
android/app/src/main/assets/www/js/features/contact.js
android/app/src/main/assets/www/js/features/discount.js
android/app/src/main/assets/www/js/features/event.js
android/app/src/main/assets/www/js/features/facebook.js
android/app/src/main/assets/www/js/features/homepage.js
android/app/src/main/assets/www/js/features/image.js
android/app/src/main/assets/www/js/features/links.js
android/app/src/main/assets/www/js/features/locked.js
android/app/src/main/assets/www/js/features/loyalty-card.js
android/app/src/main/assets/www/js/features/maps.js
android/app/src/main/assets/www/js/features/music.js
android/app/src/main/assets/www/js/features/newswall.js
android/app/src/main/assets/www/js/features/padlock.js
android/app/src/main/assets/www/js/features/privacy-policy.js
android/app/src/main/assets/www/js/features/push.js
android/app/src/main/assets/www/js/features/rss.js
android/app/src/main/assets/www/js/features/set-meal.js
android/app/src/main/assets/www/js/features/social-gaming.js
android/app/src/main/assets/www/js/features/source-code.js
android/app/src/main/assets/www/js/features/tip.js
android/app/src/main/assets/www/js/features/topic.js
android/app/src/main/assets/www/js/features/twitter.js
android/app/src/main/assets/www/js/features/video.js
android/app/src/main/assets/www/js/filters/
android/app/src/main/assets/www/js/filters/filters.js
android/app/src/main/assets/www/js/libraries/
android/app/src/main/assets/www/js/libraries/angular-queue.js
android/app/src/main/assets/www/js/libraries/angular-touch.min.js
android/app/src/main/assets/www/js/libraries/base64.min.js
android/app/src/main/assets/www/js/libraries/ion-gallery.min.js
android/app/src/main/assets/www/js/libraries/ionRadio.min.js
android/app/src/main/assets/www/js/libraries/ionic-zoom-view.min.js
android/app/src/main/assets/www/js/libraries/lazyload.min.js
android/app/src/main/assets/www/js/libraries/libraries.bundle.min.js
android/app/src/main/assets/www/js/libraries/localforage.min.js
android/app/src/main/assets/www/js/libraries/lodash.min.js
android/app/src/main/assets/www/js/libraries/markerclusterer.js
android/app/src/main/assets/www/js/libraries/ng-img-crop.min.js
android/app/src/main/assets/www/js/providers/
android/app/src/main/assets/www/js/providers/homepage-layout.js
android/app/src/main/assets/www/js/providers/pwa-cache.js
android/app/src/main/assets/www/js/providers/pwa-request.js
android/app/src/main/assets/www/js/services/
android/app/src/main/assets/www/js/services/admob-service.js
android/app/src/main/assets/www/js/services/analytics.js
android/app/src/main/assets/www/js/services/application.js
android/app/src/main/assets/www/js/services/contextual-menu.js
android/app/src/main/assets/www/js/services/country.js
android/app/src/main/assets/www/js/services/crop-image.js
android/app/src/main/assets/www/js/services/custom-tab.js
android/app/src/main/assets/www/js/services/datetime-picker.js
android/app/src/main/assets/www/js/services/dialog.js
android/app/src/main/assets/www/js/services/facebook-connect.js
android/app/src/main/assets/www/js/services/google-maps.js
android/app/src/main/assets/www/js/services/in-app-links.js
android/app/src/main/assets/www/js/services/l10.js
android/app/src/main/assets/www/js/services/l17.js
android/app/src/main/assets/www/js/services/l8.js
android/app/src/main/assets/www/js/services/lightbox.js
android/app/src/main/assets/www/js/services/link-service.js
android/app/src/main/assets/www/js/services/loader.js
android/app/src/main/assets/www/js/services/location.js
android/app/src/main/assets/www/js/services/media-player.js
android/app/src/main/assets/www/js/services/modal-scroll-delegate.js
android/app/src/main/assets/www/js/services/modal.js
android/app/src/main/assets/www/js/services/music-tracks-loader.js
android/app/src/main/assets/www/js/services/picture.js
android/app/src/main/assets/www/js/services/popover.js
android/app/src/main/assets/www/js/services/progressbar-service.js
android/app/src/main/assets/www/js/services/push-service.js
android/app/src/main/assets/www/js/services/session.js
android/app/src/main/assets/www/js/services/social-sharing.js
android/app/src/main/assets/www/js/services/tel-input.js
android/app/src/main/assets/www/js/services/translate.js
android/app/src/main/assets/www/js/services/url.js
android/app/src/main/assets/www/js/services/youtube-auto-pauser.js
android/app/src/main/assets/www/js/utils/
android/app/src/main/assets/www/js/utils/features.js
android/app/src/main/assets/www/js/utils/form-post.js
android/app/src/main/assets/www/js/utils/url.js
android/app/src/main/assets/www/lib/
android/app/src/main/assets/www/lib/polyfills.js
android/app/src/main/assets/www/lib/utils.js
android/app/src/main/assets/www/lib/ionic/
android/app/src/main/assets/www/lib/ionic/version.json
android/app/src/main/assets/www/lib/ionic/css/
android/app/src/main/assets/www/lib/ionic/css/ionic.css
android/app/src/main/assets/www/lib/ionic/css/ionic.min.css
android/app/src/main/assets/www/lib/ionic/fonts/
android/app/src/main/assets/www/lib/ionic/fonts/ionicons.eot
android/app/src/main/assets/www/lib/ionic/fonts/ionicons.svg
android/app/src/main/assets/www/lib/ionic/fonts/ionicons.ttf
android/app/src/main/assets/www/lib/ionic/fonts/ionicons.woff
android/app/src/main/assets/www/lib/ionic/js/
android/app/src/main/assets/www/lib/ionic/js/ionic-angular.js
android/app/src/main/assets/www/lib/ionic/js/ionic-angular.min.js
android/app/src/main/assets/www/lib/ionic/js/ionic.bundle.js
android/app/src/main/assets/www/lib/ionic/js/ionic.bundle.min.js
android/app/src/main/assets/www/lib/ionic/js/ionic.js
android/app/src/main/assets/www/lib/ionic/js/ionic.min.js
android/app/src/main/assets/www/lib/ionic/js/angular-ui/
android/app/src/main/assets/www/lib/ionic/js/angular-ui/angular-ui-router.js
android/app/src/main/assets/www/lib/ionic/js/angular-ui/angular-ui-router.min.js
android/app/src/main/assets/www/lib/ionic/js/angular/
android/app/src/main/assets/www/lib/ionic/js/angular/angular-animate.js
android/app/src/main/assets/www/lib/ionic/js/angular/angular-animate.min.js
android/app/src/main/assets/www/lib/ionic/js/angular/angular-resource.js
android/app/src/main/assets/www/lib/ionic/js/angular/angular-resource.min.js
android/app/src/main/assets/www/lib/ionic/js/angular/angular-route.js
android/app/src/main/assets/www/lib/ionic/js/angular/angular-sanitize.js
android/app/src/main/assets/www/lib/ionic/js/angular/angular-sanitize.min.js
android/app/src/main/assets/www/lib/ionic/js/angular/angular.js
android/app/src/main/assets/www/lib/ionic/js/angular/angular.min.js
android/app/src/main/assets/www/lib/ionic/scss/
android/app/src/main/assets/www/lib/ionic/scss/_action-sheet.scss
android/app/src/main/assets/www/lib/ionic/scss/_animations.scss
android/app/src/main/assets/www/lib/ionic/scss/_backdrop.scss
android/app/src/main/assets/www/lib/ionic/scss/_badge.scss
android/app/src/main/assets/www/lib/ionic/scss/_bar.scss
android/app/src/main/assets/www/lib/ionic/scss/_button-bar.scss
android/app/src/main/assets/www/lib/ionic/scss/_button.scss
android/app/src/main/assets/www/lib/ionic/scss/_checkbox.scss
android/app/src/main/assets/www/lib/ionic/scss/_form.scss
android/app/src/main/assets/www/lib/ionic/scss/_grid.scss
android/app/src/main/assets/www/lib/ionic/scss/_items.scss
android/app/src/main/assets/www/lib/ionic/scss/_list.scss
android/app/src/main/assets/www/lib/ionic/scss/_loading.scss
android/app/src/main/assets/www/lib/ionic/scss/_menu.scss
android/app/src/main/assets/www/lib/ionic/scss/_mixins.scss
android/app/src/main/assets/www/lib/ionic/scss/_modal.scss
android/app/src/main/assets/www/lib/ionic/scss/_platform.scss
android/app/src/main/assets/www/lib/ionic/scss/_popover.scss
android/app/src/main/assets/www/lib/ionic/scss/_popup.scss
android/app/src/main/assets/www/lib/ionic/scss/_progress.scss
android/app/src/main/assets/www/lib/ionic/scss/_radio.scss
android/app/src/main/assets/www/lib/ionic/scss/_range.scss
android/app/src/main/assets/www/lib/ionic/scss/_refresher.scss
android/app/src/main/assets/www/lib/ionic/scss/_reset.scss
android/app/src/main/assets/www/lib/ionic/scss/_scaffolding.scss
android/app/src/main/assets/www/lib/ionic/scss/_select.scss
android/app/src/main/assets/www/lib/ionic/scss/_slide-box.scss
android/app/src/main/assets/www/lib/ionic/scss/_slides.scss
android/app/src/main/assets/www/lib/ionic/scss/_spinner.scss
android/app/src/main/assets/www/lib/ionic/scss/_tabs.scss
android/app/src/main/assets/www/lib/ionic/scss/_toggle.scss
android/app/src/main/assets/www/lib/ionic/scss/_transitions.scss
android/app/src/main/assets/www/lib/ionic/scss/_type.scss
android/app/src/main/assets/www/lib/ionic/scss/_util.scss
android/app/src/main/assets/www/lib/ionic/scss/_variables.scss
android/app/src/main/assets/www/lib/ionic/scss/ionic.scss
android/app/src/main/assets/www/lib/ionic/scss/ionicons/
android/app/src/main/assets/www/lib/ionic/scss/ionicons/_ionicons-font.scss
android/app/src/main/assets/www/lib/ionic/scss/ionicons/_ionicons-icons.scss
android/app/src/main/assets/www/lib/ionic/scss/ionicons/_ionicons-variables.scss
android/app/src/main/assets/www/lib/ionic/scss/ionicons/ionicons.eot
android/app/src/main/assets/www/lib/ionic/scss/ionicons/ionicons.scss
android/app/src/main/assets/www/lib/ionic/scss/ionicons/ionicons.svg
android/app/src/main/assets/www/lib/ionic/scss/ionicons/ionicons.ttf
android/app/src/main/assets/www/lib/ionic/scss/ionicons/ionicons.woff
android/app/src/main/assets/www/lib/ngCordova/
android/app/src/main/assets/www/lib/ngCordova/dist/
android/app/src/main/assets/www/lib/ngCordova/dist/ng-cordova.js
android/app/src/main/assets/www/modules/
android/app/src/main/assets/www/modules/.gitignore
android/app/src/main/assets/www/plugins/
android/app/src/main/assets/www/plugins/AppVersion/
android/app/src/main/assets/www/plugins/AppVersion/www/
android/app/src/main/assets/www/plugins/AppVersion/www/AppVersionPlugin.js
android/app/src/main/assets/www/plugins/Badge/
android/app/src/main/assets/www/plugins/Badge/www/
android/app/src/main/assets/www/plugins/Badge/www/badge.js
android/app/src/main/assets/www/plugins/BarcodeScanner/
android/app/src/main/assets/www/plugins/BarcodeScanner/www/
android/app/src/main/assets/www/plugins/BarcodeScanner/www/barcodescanner.js
android/app/src/main/assets/www/plugins/BrowserTab/
android/app/src/main/assets/www/plugins/BrowserTab/www/
android/app/src/main/assets/www/plugins/BrowserTab/www/browsertab.js
android/app/src/main/assets/www/plugins/Camera/
android/app/src/main/assets/www/plugins/Camera/www/
android/app/src/main/assets/www/plugins/Camera/www/Camera.js
android/app/src/main/assets/www/plugins/Camera/www/CameraConstants.js
android/app/src/main/assets/www/plugins/Camera/www/CameraPopoverHandle.js
android/app/src/main/assets/www/plugins/Camera/www/CameraPopoverOptions.js
android/app/src/main/assets/www/plugins/Clipboard/
android/app/src/main/assets/www/plugins/Clipboard/www/
android/app/src/main/assets/www/plugins/Clipboard/www/clipboard.js
android/app/src/main/assets/www/plugins/CorePlugin/
android/app/src/main/assets/www/plugins/CorePlugin/www/
android/app/src/main/assets/www/plugins/CorePlugin/www/CorePlugin.js
android/app/src/main/assets/www/plugins/Device/
android/app/src/main/assets/www/plugins/Device/www/
android/app/src/main/assets/www/plugins/Device/www/device.js
android/app/src/main/assets/www/plugins/File/
android/app/src/main/assets/www/plugins/File/www/
android/app/src/main/assets/www/plugins/File/www/DirectoryEntry.js
android/app/src/main/assets/www/plugins/File/www/DirectoryReader.js
android/app/src/main/assets/www/plugins/File/www/Entry.js
android/app/src/main/assets/www/plugins/File/www/File.js
android/app/src/main/assets/www/plugins/File/www/FileEntry.js
android/app/src/main/assets/www/plugins/File/www/FileError.js
android/app/src/main/assets/www/plugins/File/www/FileReader.js
android/app/src/main/assets/www/plugins/File/www/FileSystem.js
android/app/src/main/assets/www/plugins/File/www/FileUploadOptions.js
android/app/src/main/assets/www/plugins/File/www/FileUploadResult.js
android/app/src/main/assets/www/plugins/File/www/FileWriter.js
android/app/src/main/assets/www/plugins/File/www/Flags.js
android/app/src/main/assets/www/plugins/File/www/LocalFileSystem.js
android/app/src/main/assets/www/plugins/File/www/Metadata.js
android/app/src/main/assets/www/plugins/File/www/ProgressEvent.js
android/app/src/main/assets/www/plugins/File/www/fileSystemPaths.js
android/app/src/main/assets/www/plugins/File/www/fileSystems-roots.js
android/app/src/main/assets/www/plugins/File/www/fileSystems.js
android/app/src/main/assets/www/plugins/File/www/requestFileSystem.js
android/app/src/main/assets/www/plugins/File/www/resolveLocalFileSystemURI.js
android/app/src/main/assets/www/plugins/File/www/android/
android/app/src/main/assets/www/plugins/File/www/android/FileSystem.js
android/app/src/main/assets/www/plugins/File/www/browser/
android/app/src/main/assets/www/plugins/File/www/browser/isChrome.js
android/app/src/main/assets/www/plugins/Geolocation/
android/app/src/main/assets/www/plugins/Geolocation/www/
android/app/src/main/assets/www/plugins/Geolocation/www/PositionError.js
android/app/src/main/assets/www/plugins/Geolocation/www/android/
android/app/src/main/assets/www/plugins/Geolocation/www/android/geolocation.js
android/app/src/main/assets/www/plugins/InAppBrowser/
android/app/src/main/assets/www/plugins/InAppBrowser/www/
android/app/src/main/assets/www/plugins/InAppBrowser/www/inappbrowser.js
android/app/src/main/assets/www/plugins/Insomnia/
android/app/src/main/assets/www/plugins/Insomnia/www/
android/app/src/main/assets/www/plugins/Insomnia/www/Insomnia.js
android/app/src/main/assets/www/plugins/IonicWebview/
android/app/src/main/assets/www/plugins/IonicWebview/src/
android/app/src/main/assets/www/plugins/IonicWebview/src/www/
android/app/src/main/assets/www/plugins/IonicWebview/src/www/util.js
android/app/src/main/assets/www/plugins/Keyboard/
android/app/src/main/assets/www/plugins/Keyboard/www/
android/app/src/main/assets/www/plugins/Keyboard/www/android/
android/app/src/main/assets/www/plugins/Keyboard/www/android/keyboard.js
android/app/src/main/assets/www/plugins/LocalNotification/
android/app/src/main/assets/www/plugins/LocalNotification/www/
android/app/src/main/assets/www/plugins/LocalNotification/www/local-notification.js
android/app/src/main/assets/www/plugins/MediaNative/
android/app/src/main/assets/www/plugins/MediaNative/www/
android/app/src/main/assets/www/plugins/MediaNative/www/Media.js
android/app/src/main/assets/www/plugins/MediaNative/www/MediaError.js
android/app/src/main/assets/www/plugins/MusicControls/
android/app/src/main/assets/www/plugins/MusicControls/www/
android/app/src/main/assets/www/plugins/MusicControls/www/MusicControls.js
android/app/src/main/assets/www/plugins/Navigator/
android/app/src/main/assets/www/plugins/Navigator/www/
android/app/src/main/assets/www/plugins/Navigator/www/navigator.js
android/app/src/main/assets/www/plugins/Permissions/
android/app/src/main/assets/www/plugins/Permissions/www/
android/app/src/main/assets/www/plugins/Permissions/www/permissions.js
android/app/src/main/assets/www/plugins/Promises/
android/app/src/main/assets/www/plugins/Promises/www/
android/app/src/main/assets/www/plugins/Promises/www/promise.js
android/app/src/main/assets/www/plugins/SocialSharing/
android/app/src/main/assets/www/plugins/SocialSharing/www/
android/app/src/main/assets/www/plugins/SocialSharing/www/SocialSharing.js
android/app/src/main/assets/www/plugins/StatusBar/
android/app/src/main/assets/www/plugins/StatusBar/www/
android/app/src/main/assets/www/plugins/StatusBar/www/statusbar.js
android/app/src/main/assets/www/plugins/Toast/
android/app/src/main/assets/www/plugins/Toast/www/
android/app/src/main/assets/www/plugins/Toast/www/Toast.js
android/app/src/main/assets/www/plugins/WebView/
android/app/src/main/assets/www/plugins/WebView/www/
android/app/src/main/assets/www/plugins/WebView/www/webViewPlugin.js
android/app/src/main/assets/www/templates/
android/app/src/main/assets/www/templates/application/
android/app/src/main/assets/www/templates/application/l1/
android/app/src/main/assets/www/templates/application/l1/colors/
android/app/src/main/assets/www/templates/application/l1/colors/view.html
android/app/src/main/assets/www/templates/application/l1/tc/
android/app/src/main/assets/www/templates/application/l1/tc/view.html
android/app/src/main/assets/www/templates/booking/
android/app/src/main/assets/www/templates/booking/l1/
android/app/src/main/assets/www/templates/booking/l1/view.html
android/app/src/main/assets/www/templates/catalog/
android/app/src/main/assets/www/templates/catalog/category/
android/app/src/main/assets/www/templates/catalog/category/l1/
android/app/src/main/assets/www/templates/catalog/category/l1/product/
android/app/src/main/assets/www/templates/catalog/category/l1/product/view.html
android/app/src/main/assets/www/templates/catalog/setmeal/
android/app/src/main/assets/www/templates/catalog/setmeal/l1/
android/app/src/main/assets/www/templates/catalog/setmeal/l1/view.html
android/app/src/main/assets/www/templates/cms/
android/app/src/main/assets/www/templates/cms/directives/
android/app/src/main/assets/www/templates/cms/directives/image.html
android/app/src/main/assets/www/templates/cms/page/
android/app/src/main/assets/www/templates/cms/page/l1/
android/app/src/main/assets/www/templates/cms/page/l1/view.html
android/app/src/main/assets/www/templates/cms/page/l1/view/
android/app/src/main/assets/www/templates/cms/page/l1/view/subheader.html
android/app/src/main/assets/www/templates/cms/privacypolicy/
android/app/src/main/assets/www/templates/cms/privacypolicy/l1/
android/app/src/main/assets/www/templates/cms/privacypolicy/l1/privacy-policy-modal.html
android/app/src/main/assets/www/templates/cms/privacypolicy/l1/privacy-policy.html
android/app/src/main/assets/www/templates/cms/privacypolicy/l1/view.html
android/app/src/main/assets/www/templates/contact/
android/app/src/main/assets/www/templates/contact/l1/
android/app/src/main/assets/www/templates/contact/l1/form.html
android/app/src/main/assets/www/templates/contact/l1/view.html
android/app/src/main/assets/www/templates/customer/
android/app/src/main/assets/www/templates/customer/account/
android/app/src/main/assets/www/templates/customer/account/l1/
android/app/src/main/assets/www/templates/customer/account/l1/forgot-password.html
android/app/src/main/assets/www/templates/customer/account/l1/login-form.html
android/app/src/main/assets/www/templates/customer/account/l1/my-account.html
android/app/src/main/assets/www/templates/customer/account/l1/register.html
android/app/src/main/assets/www/templates/customer/account/l1/settings.html
android/app/src/main/assets/www/templates/customer/account/l1/fields/
android/app/src/main/assets/www/templates/customer/account/l1/fields/checkbox.html
android/app/src/main/assets/www/templates/customer/account/l1/fields/date.html
android/app/src/main/assets/www/templates/customer/account/l1/fields/divider.html
android/app/src/main/assets/www/templates/customer/account/l1/fields/number.html
android/app/src/main/assets/www/templates/customer/account/l1/fields/select.html
android/app/src/main/assets/www/templates/customer/account/l1/fields/spacer.html
android/app/src/main/assets/www/templates/customer/account/l1/fields/text.html
android/app/src/main/assets/www/templates/customer/account/l1/fields/textarea.html
android/app/src/main/assets/www/templates/directives/
android/app/src/main/assets/www/templates/directives/clickwrap/
android/app/src/main/assets/www/templates/directives/clickwrap/clickwrap-modal.html
android/app/src/main/assets/www/templates/directives/clickwrap/clickwrap.html
android/app/src/main/assets/www/templates/discount/
android/app/src/main/assets/www/templates/discount/l1/
android/app/src/main/assets/www/templates/discount/l1/list.html
android/app/src/main/assets/www/templates/discount/l1/view.html
android/app/src/main/assets/www/templates/discount/l5/
android/app/src/main/assets/www/templates/discount/l5/list.html
android/app/src/main/assets/www/templates/error/
android/app/src/main/assets/www/templates/error/feature-removed.html
android/app/src/main/assets/www/templates/error/not-supported.html
android/app/src/main/assets/www/templates/event/
android/app/src/main/assets/www/templates/event/l1/
android/app/src/main/assets/www/templates/event/l1/list.html
android/app/src/main/assets/www/templates/event/l1/view.html
android/app/src/main/assets/www/templates/facebook/
android/app/src/main/assets/www/templates/facebook/l1/
android/app/src/main/assets/www/templates/facebook/l1/header.html
android/app/src/main/assets/www/templates/facebook/l1/view.html
android/app/src/main/assets/www/templates/fanwall/
android/app/src/main/assets/www/templates/fanwall/l1/
android/app/src/main/assets/www/templates/fanwall/l1/edit.html
android/app/src/main/assets/www/templates/fanwall/l1/gallery.html
android/app/src/main/assets/www/templates/fanwall/l1/header.html
android/app/src/main/assets/www/templates/home/
android/app/src/main/assets/www/templates/home/view.html
android/app/src/main/assets/www/templates/home/l1/
android/app/src/main/assets/www/templates/home/l1/view.html
android/app/src/main/assets/www/templates/home/l10/
android/app/src/main/assets/www/templates/home/l10/modal.html
android/app/src/main/assets/www/templates/home/l10/view.html
android/app/src/main/assets/www/templates/home/l11/
android/app/src/main/assets/www/templates/home/l11/view.html
android/app/src/main/assets/www/templates/home/l12/
android/app/src/main/assets/www/templates/home/l12/view.html
android/app/src/main/assets/www/templates/home/l13/
android/app/src/main/assets/www/templates/home/l13/view.html
android/app/src/main/assets/www/templates/home/l14/
android/app/src/main/assets/www/templates/home/l14/view.html
android/app/src/main/assets/www/templates/home/l15/
android/app/src/main/assets/www/templates/home/l15/view.html
android/app/src/main/assets/www/templates/home/l16/
android/app/src/main/assets/www/templates/home/l16/view.html
android/app/src/main/assets/www/templates/home/l17/
android/app/src/main/assets/www/templates/home/l17/cover.html
android/app/src/main/assets/www/templates/home/l17/default.html
android/app/src/main/assets/www/templates/home/l17/view.html
android/app/src/main/assets/www/templates/home/l2/
android/app/src/main/assets/www/templates/home/l2/view.html
android/app/src/main/assets/www/templates/home/l3/
android/app/src/main/assets/www/templates/home/l3/view.html
android/app/src/main/assets/www/templates/home/l4/
android/app/src/main/assets/www/templates/home/l4/view.html
android/app/src/main/assets/www/templates/home/l5/
android/app/src/main/assets/www/templates/home/l5/view.html
android/app/src/main/assets/www/templates/home/l6/
android/app/src/main/assets/www/templates/home/l6/view.html
android/app/src/main/assets/www/templates/home/l7/
android/app/src/main/assets/www/templates/home/l7/view.html
android/app/src/main/assets/www/templates/home/l8/
android/app/src/main/assets/www/templates/home/l8/view.html
android/app/src/main/assets/www/templates/home/l9/
android/app/src/main/assets/www/templates/home/l9/view.html
android/app/src/main/assets/www/templates/home/modal/
android/app/src/main/assets/www/templates/home/modal/view.html
android/app/src/main/assets/www/templates/html/
android/app/src/main/assets/www/templates/html/l1/
android/app/src/main/assets/www/templates/html/l1/app_locked.html
android/app/src/main/assets/www/templates/html/l1/comment.html
android/app/src/main/assets/www/templates/html/l1/list.html
android/app/src/main/assets/www/templates/html/l1/loading.html
android/app/src/main/assets/www/templates/html/l1/maps.html
android/app/src/main/assets/www/templates/html/l1/sidebar.html
android/app/src/main/assets/www/templates/html/l1/view.html
android/app/src/main/assets/www/templates/html/l2/
android/app/src/main/assets/www/templates/html/l2/list.html
android/app/src/main/assets/www/templates/html/l3/
android/app/src/main/assets/www/templates/html/l3/list.html
android/app/src/main/assets/www/templates/html/l5/
android/app/src/main/assets/www/templates/html/l5/list.html
android/app/src/main/assets/www/templates/html/l6/
android/app/src/main/assets/www/templates/html/l6/list.html
android/app/src/main/assets/www/templates/links/
android/app/src/main/assets/www/templates/links/l1/
android/app/src/main/assets/www/templates/links/l1/view.html
android/app/src/main/assets/www/templates/locked/
android/app/src/main/assets/www/templates/locked/l1/
android/app/src/main/assets/www/templates/locked/l1/view.html
android/app/src/main/assets/www/templates/loyalty-card/
android/app/src/main/assets/www/templates/loyalty-card/l1/
android/app/src/main/assets/www/templates/loyalty-card/l1/pad.html
android/app/src/main/assets/www/templates/loyalty-card/l1/view.html
android/app/src/main/assets/www/templates/maps/
android/app/src/main/assets/www/templates/maps/l1/
android/app/src/main/assets/www/templates/maps/l1/view.html
android/app/src/main/assets/www/templates/media/
android/app/src/main/assets/www/templates/media/image/
android/app/src/main/assets/www/templates/media/image/l1/
android/app/src/main/assets/www/templates/media/image/l1/list.html
android/app/src/main/assets/www/templates/media/music/
android/app/src/main/assets/www/templates/media/music/l1/
android/app/src/main/assets/www/templates/media/music/l1/view.html
android/app/src/main/assets/www/templates/media/music/l1/album/
android/app/src/main/assets/www/templates/media/music/l1/album/boxes.html
android/app/src/main/assets/www/templates/media/music/l1/album/list.html
android/app/src/main/assets/www/templates/media/music/l1/album/view.html
android/app/src/main/assets/www/templates/media/music/l1/player/
android/app/src/main/assets/www/templates/media/music/l1/player/mini.html
android/app/src/main/assets/www/templates/media/music/l1/player/modal/
android/app/src/main/assets/www/templates/media/music/l1/player/modal/player.html
android/app/src/main/assets/www/templates/media/music/l1/playlist/
android/app/src/main/assets/www/templates/media/music/l1/playlist/albums.html
android/app/src/main/assets/www/templates/media/music/l1/playlist/list.html
android/app/src/main/assets/www/templates/media/music/l1/track/
android/app/src/main/assets/www/templates/media/music/l1/track/list.html
android/app/src/main/assets/www/templates/media/video/
android/app/src/main/assets/www/templates/media/video/l1/
android/app/src/main/assets/www/templates/media/video/l1/list.html
android/app/src/main/assets/www/templates/padlock/
android/app/src/main/assets/www/templates/padlock/l1/
android/app/src/main/assets/www/templates/padlock/l1/view.html
android/app/src/main/assets/www/templates/page/
android/app/src/main/assets/www/templates/page/side-menu.html
android/app/src/main/assets/www/templates/push/
android/app/src/main/assets/www/templates/push/l1/
android/app/src/main/assets/www/templates/push/l1/list.html
android/app/src/main/assets/www/templates/rss/
android/app/src/main/assets/www/templates/rss/l1/
android/app/src/main/assets/www/templates/rss/l1/group.html
android/app/src/main/assets/www/templates/rss/l1/list.html
android/app/src/main/assets/www/templates/rss/l1/view.html
android/app/src/main/assets/www/templates/rss/l2/
android/app/src/main/assets/www/templates/rss/l2/group.html
android/app/src/main/assets/www/templates/rss/l2/list.html
android/app/src/main/assets/www/templates/rss/l2/view.html
android/app/src/main/assets/www/templates/rss/l3/
android/app/src/main/assets/www/templates/rss/l3/group.html
android/app/src/main/assets/www/templates/rss/l3/list.html
android/app/src/main/assets/www/templates/rss/l3/view.html
android/app/src/main/assets/www/templates/socialgaming/
android/app/src/main/assets/www/templates/socialgaming/l1/
android/app/src/main/assets/www/templates/socialgaming/l1/view.html
android/app/src/main/assets/www/templates/sourcecode/
android/app/src/main/assets/www/templates/sourcecode/l1/
android/app/src/main/assets/www/templates/sourcecode/l1/view.html
android/app/src/main/assets/www/templates/tip/
android/app/src/main/assets/www/templates/tip/l1/
android/app/src/main/assets/www/templates/tip/l1/view.html
android/app/src/main/assets/www/templates/topic/
android/app/src/main/assets/www/templates/topic/l1/
android/app/src/main/assets/www/templates/topic/l1/list.html
android/app/src/main/assets/www/templates/twitter/
android/app/src/main/assets/www/templates/twitter/l1/
android/app/src/main/assets/www/templates/twitter/l1/list.html
android/app/src/main/java/
android/app/src/main/java/com/
android/app/src/main/java/com/android/
android/app/src/main/java/com/android/plugins/
android/app/src/main/java/com/android/plugins/Permissions.java
android/app/src/main/java/com/appsmobilecompany/
android/app/src/main/java/com/appsmobilecompany/base/
android/app/src/main/java/com/appsmobilecompany/base/MainActivity.java
android/app/src/main/java/com/google/
android/app/src/main/java/com/google/cordova/
android/app/src/main/java/com/google/cordova/plugin/
android/app/src/main/java/com/google/cordova/plugin/BrowserTab.java
android/app/src/main/java/com/ionicframework/
android/app/src/main/java/com/ionicframework/cordova/
android/app/src/main/java/com/ionicframework/cordova/webview/
android/app/src/main/java/com/ionicframework/cordova/webview/AndroidProtocolHandler.java
android/app/src/main/java/com/ionicframework/cordova/webview/IonicWebView.java
android/app/src/main/java/com/ionicframework/cordova/webview/IonicWebViewEngine.java
android/app/src/main/java/com/ionicframework/cordova/webview/UriMatcher.java
android/app/src/main/java/com/ionicframework/cordova/webview/WebViewLocalServer.java
android/app/src/main/java/com/phonegap/
android/app/src/main/java/com/phonegap/plugins/
android/app/src/main/java/com/phonegap/plugins/barcodescanner/
android/app/src/main/java/com/phonegap/plugins/barcodescanner/BarcodeScanner.java
android/app/src/main/java/com/verso/
android/app/src/main/java/com/verso/cordova/
android/app/src/main/java/com/verso/cordova/clipboard/
android/app/src/main/java/com/verso/cordova/clipboard/Clipboard.java
android/app/src/main/java/com/webview/
android/app/src/main/java/com/webview/WebViewActivity.java
android/app/src/main/java/com/webview/WebViewPlugin.java
android/app/src/main/java/com/xtraball/
android/app/src/main/java/com/xtraball/cordova/
android/app/src/main/java/com/xtraball/cordova/plugin/
android/app/src/main/java/com/xtraball/cordova/plugin/Navigator.java
android/app/src/main/java/com/xtraball/musiccontrols/
android/app/src/main/java/com/xtraball/musiccontrols/KillBinder.java
android/app/src/main/java/com/xtraball/musiccontrols/MediaSessionCallback.java
android/app/src/main/java/com/xtraball/musiccontrols/MusicControls.java
android/app/src/main/java/com/xtraball/musiccontrols/MusicControlsBroadcastReceiver.java
android/app/src/main/java/com/xtraball/musiccontrols/MusicControlsInfos.java
android/app/src/main/java/com/xtraball/musiccontrols/MusicControlsNotification.java
android/app/src/main/java/com/xtraball/musiccontrols/MusicControlsNotificationKiller.java
android/app/src/main/java/de/
android/app/src/main/java/de/appplant/
android/app/src/main/java/de/appplant/cordova/
android/app/src/main/java/de/appplant/cordova/plugin/
android/app/src/main/java/de/appplant/cordova/plugin/badge/
android/app/src/main/java/de/appplant/cordova/plugin/badge/Badge.java
android/app/src/main/java/de/appplant/cordova/plugin/badge/BadgeImpl.java
android/app/src/main/java/de/appplant/cordova/plugin/localnotification/
android/app/src/main/java/de/appplant/cordova/plugin/localnotification/ClearReceiver.java
android/app/src/main/java/de/appplant/cordova/plugin/localnotification/ClickReceiver.java
android/app/src/main/java/de/appplant/cordova/plugin/localnotification/LocalNotification.java
android/app/src/main/java/de/appplant/cordova/plugin/localnotification/RestoreReceiver.java
android/app/src/main/java/de/appplant/cordova/plugin/localnotification/TriggerReceiver.java
android/app/src/main/java/de/appplant/cordova/plugin/notification/
android/app/src/main/java/de/appplant/cordova/plugin/notification/Builder.java
android/app/src/main/java/de/appplant/cordova/plugin/notification/Manager.java
android/app/src/main/java/de/appplant/cordova/plugin/notification/Notification.java
android/app/src/main/java/de/appplant/cordova/plugin/notification/NotificationVolumeManager.java
android/app/src/main/java/de/appplant/cordova/plugin/notification/Options.java
android/app/src/main/java/de/appplant/cordova/plugin/notification/Request.java
android/app/src/main/java/de/appplant/cordova/plugin/notification/action/
android/app/src/main/java/de/appplant/cordova/plugin/notification/action/Action.java
android/app/src/main/java/de/appplant/cordova/plugin/notification/action/ActionGroup.java
android/app/src/main/java/de/appplant/cordova/plugin/notification/receiver/
android/app/src/main/java/de/appplant/cordova/plugin/notification/receiver/AbstractClearReceiver.java
android/app/src/main/java/de/appplant/cordova/plugin/notification/receiver/AbstractClickReceiver.java
android/app/src/main/java/de/appplant/cordova/plugin/notification/receiver/AbstractNotificationReceiver.java
android/app/src/main/java/de/appplant/cordova/plugin/notification/receiver/AbstractRestoreReceiver.java
android/app/src/main/java/de/appplant/cordova/plugin/notification/receiver/AbstractTriggerReceiver.java
android/app/src/main/java/de/appplant/cordova/plugin/notification/trigger/
android/app/src/main/java/de/appplant/cordova/plugin/notification/trigger/DateTrigger.java
android/app/src/main/java/de/appplant/cordova/plugin/notification/trigger/IntervalTrigger.java
android/app/src/main/java/de/appplant/cordova/plugin/notification/trigger/MatchTrigger.java
android/app/src/main/java/de/appplant/cordova/plugin/notification/util/
android/app/src/main/java/de/appplant/cordova/plugin/notification/util/AssetProvider.java
android/app/src/main/java/de/appplant/cordova/plugin/notification/util/AssetUtil.java
android/app/src/main/java/de/appplant/cordova/plugin/notification/util/LaunchUtils.java
android/app/src/main/java/io/
android/app/src/main/java/io/ionic/
android/app/src/main/java/io/ionic/keyboard/
android/app/src/main/java/io/ionic/keyboard/CDVIonicKeyboard.java
android/app/src/main/java/nl/
android/app/src/main/java/nl/xservices/
android/app/src/main/java/nl/xservices/plugins/
android/app/src/main/java/nl/xservices/plugins/FileProvider.java
android/app/src/main/java/nl/xservices/plugins/Insomnia.java
android/app/src/main/java/nl/xservices/plugins/ShareChooserPendingIntent.java
android/app/src/main/java/nl/xservices/plugins/SocialSharing.java
android/app/src/main/java/nl/xservices/plugins/Toast.java
android/app/src/main/java/org/
android/app/src/main/java/org/apache/
android/app/src/main/java/org/apache/cordova/
android/app/src/main/java/org/apache/cordova/camera/
android/app/src/main/java/org/apache/cordova/camera/CameraLauncher.java
android/app/src/main/java/org/apache/cordova/camera/ExifHelper.java
android/app/src/main/java/org/apache/cordova/camera/FileHelper.java
android/app/src/main/java/org/apache/cordova/camera/FileProvider.java
android/app/src/main/java/org/apache/cordova/camera/GalleryPathVO.java
android/app/src/main/java/org/apache/cordova/device/
android/app/src/main/java/org/apache/cordova/device/Device.java
android/app/src/main/java/org/apache/cordova/file/
android/app/src/main/java/org/apache/cordova/file/AssetFilesystem.java
android/app/src/main/java/org/apache/cordova/file/ContentFilesystem.java
android/app/src/main/java/org/apache/cordova/file/DirectoryManager.java
android/app/src/main/java/org/apache/cordova/file/EncodingException.java
android/app/src/main/java/org/apache/cordova/file/FileExistsException.java
android/app/src/main/java/org/apache/cordova/file/FileUtils.java
android/app/src/main/java/org/apache/cordova/file/Filesystem.java
android/app/src/main/java/org/apache/cordova/file/InvalidModificationException.java
android/app/src/main/java/org/apache/cordova/file/LocalFilesystem.java
android/app/src/main/java/org/apache/cordova/file/LocalFilesystemURL.java
android/app/src/main/java/org/apache/cordova/file/NoModificationAllowedException.java
android/app/src/main/java/org/apache/cordova/file/PendingRequests.java
android/app/src/main/java/org/apache/cordova/file/TypeMismatchException.java
android/app/src/main/java/org/apache/cordova/geolocation/
android/app/src/main/java/org/apache/cordova/geolocation/Geolocation.java
android/app/src/main/java/org/apache/cordova/inappbrowser/
android/app/src/main/java/org/apache/cordova/inappbrowser/InAppBrowser.java
android/app/src/main/java/org/apache/cordova/inappbrowser/InAppBrowserDialog.java
android/app/src/main/java/org/apache/cordova/inappbrowser/InAppChromeClient.java
android/app/src/main/java/org/apache/cordova/media/
android/app/src/main/java/org/apache/cordova/media/AudioHandler.java
android/app/src/main/java/org/apache/cordova/media/AudioPlayer.java
android/app/src/main/java/org/apache/cordova/media/FileHelper.java
android/app/src/main/java/org/apache/cordova/statusbar/
android/app/src/main/java/org/apache/cordova/statusbar/StatusBar.java
android/app/src/main/java/org/apache/cordova/statusbar/StatusBarViewHelper.java
android/app/src/main/java/uk/
android/app/src/main/java/uk/co/
android/app/src/main/java/uk/co/whiteoctober/
android/app/src/main/java/uk/co/whiteoctober/cordova/
android/app/src/main/java/uk/co/whiteoctober/cordova/AppVersion.java
android/app/src/main/libs/
android/app/src/main/res/
android/app/src/main/res/drawable-hdpi/
android/app/src/main/res/drawable-hdpi/ic_action_next_item.png
android/app/src/main/res/drawable-hdpi/ic_action_previous_item.png
android/app/src/main/res/drawable-hdpi/ic_action_remove.png
android/app/src/main/res/drawable-mdpi/
android/app/src/main/res/drawable-mdpi/ic_action_next_item.png
android/app/src/main/res/drawable-mdpi/ic_action_previous_item.png
android/app/src/main/res/drawable-mdpi/ic_action_remove.png
android/app/src/main/res/drawable-xhdpi/
android/app/src/main/res/drawable-xhdpi/ic_action_next_item.png
android/app/src/main/res/drawable-xhdpi/ic_action_previous_item.png
android/app/src/main/res/drawable-xhdpi/ic_action_remove.png
android/app/src/main/res/drawable-xxhdpi/
android/app/src/main/res/drawable-xxhdpi/ic_action_next_item.png
android/app/src/main/res/drawable-xxhdpi/ic_action_previous_item.png
android/app/src/main/res/drawable-xxhdpi/ic_action_remove.png
android/app/src/main/res/drawable/
android/app/src/main/res/drawable/ic_cdv_splashscreen.xml
android/app/src/main/res/mipmap-hdpi-v26/
android/app/src/main/res/mipmap-mdpi-v26/
android/app/src/main/res/mipmap-xhdpi-v26/
android/app/src/main/res/mipmap-xxhdpi-v26/
android/app/src/main/res/mipmap-xxxhdpi-v26/
android/app/src/main/res/mipmap-xxxhdpi/
android/app/src/main/res/mipmap-xxxhdpi/ic_launcher.png
android/app/src/main/res/raw/
android/app/src/main/res/raw/sb_beep1.mp3
android/app/src/main/res/raw/sb_beep2.mp3
android/app/src/main/res/raw/sb_beep3.mp3
android/app/src/main/res/raw/sb_beep4.mp3
android/app/src/main/res/values/
android/app/src/main/res/values/browsertab.xml
android/app/src/main/res/values/colors.xml
android/app/src/main/res/values/strings.xml
android/app/src/main/res/values/themes.xml
android/app/src/main/res/xml/
android/app/src/main/res/xml/camera_provider_paths.xml
android/app/src/main/res/xml/cdv_core_file_provider_paths.xml
android/app/src/main/res/xml/config.xml
android/app/src/main/res/xml/localnotification_provider_paths.xml
android/app/src/main/res/xml/sharing_paths.xml
android/cordova/
android/cordova/Api.js
android/cordova/android_sdk_version
android/cordova/defaults.xml
android/cordova/version
android/cordova/lib/
android/cordova/lib/list-devices
android/cordova/lib/list-emulator-images
android/platform_www/
android/platform_www/cordova.js
android/platform_www/cordova_plugins.js
android/platform_www/plugins/
android/platform_www/plugins/AppVersion/
android/platform_www/plugins/AppVersion/www/
android/platform_www/plugins/AppVersion/www/AppVersionPlugin.js
android/platform_www/plugins/Badge/
android/platform_www/plugins/Badge/www/
android/platform_www/plugins/Badge/www/badge.js
android/platform_www/plugins/BarcodeScanner/
android/platform_www/plugins/BarcodeScanner/www/
android/platform_www/plugins/BarcodeScanner/www/barcodescanner.js
android/platform_www/plugins/BrowserTab/
android/platform_www/plugins/BrowserTab/www/
android/platform_www/plugins/BrowserTab/www/browsertab.js
android/platform_www/plugins/Camera/
android/platform_www/plugins/Camera/www/
android/platform_www/plugins/Camera/www/Camera.js
android/platform_www/plugins/Camera/www/CameraConstants.js
android/platform_www/plugins/Camera/www/CameraPopoverHandle.js
android/platform_www/plugins/Camera/www/CameraPopoverOptions.js
android/platform_www/plugins/Clipboard/
android/platform_www/plugins/Clipboard/www/
android/platform_www/plugins/Clipboard/www/clipboard.js
android/platform_www/plugins/CorePlugin/
android/platform_www/plugins/CorePlugin/www/
android/platform_www/plugins/CorePlugin/www/CorePlugin.js
android/platform_www/plugins/Device/
android/platform_www/plugins/Device/www/
android/platform_www/plugins/Device/www/device.js
android/platform_www/plugins/File/
android/platform_www/plugins/File/www/
android/platform_www/plugins/File/www/DirectoryEntry.js
android/platform_www/plugins/File/www/DirectoryReader.js
android/platform_www/plugins/File/www/Entry.js
android/platform_www/plugins/File/www/File.js
android/platform_www/plugins/File/www/FileEntry.js
android/platform_www/plugins/File/www/FileError.js
android/platform_www/plugins/File/www/FileReader.js
android/platform_www/plugins/File/www/FileSystem.js
android/platform_www/plugins/File/www/FileUploadOptions.js
android/platform_www/plugins/File/www/FileUploadResult.js
android/platform_www/plugins/File/www/FileWriter.js
android/platform_www/plugins/File/www/Flags.js
android/platform_www/plugins/File/www/LocalFileSystem.js
android/platform_www/plugins/File/www/Metadata.js
android/platform_www/plugins/File/www/ProgressEvent.js
android/platform_www/plugins/File/www/fileSystemPaths.js
android/platform_www/plugins/File/www/fileSystems-roots.js
android/platform_www/plugins/File/www/fileSystems.js
android/platform_www/plugins/File/www/requestFileSystem.js
android/platform_www/plugins/File/www/resolveLocalFileSystemURI.js
android/platform_www/plugins/File/www/android/
android/platform_www/plugins/File/www/android/FileSystem.js
android/platform_www/plugins/File/www/browser/
android/platform_www/plugins/File/www/browser/isChrome.js
android/platform_www/plugins/Geolocation/
android/platform_www/plugins/Geolocation/www/
android/platform_www/plugins/Geolocation/www/PositionError.js
android/platform_www/plugins/Geolocation/www/android/
android/platform_www/plugins/Geolocation/www/android/geolocation.js
android/platform_www/plugins/InAppBrowser/
android/platform_www/plugins/InAppBrowser/www/
android/platform_www/plugins/InAppBrowser/www/inappbrowser.js
android/platform_www/plugins/Insomnia/
android/platform_www/plugins/Insomnia/www/
android/platform_www/plugins/Insomnia/www/Insomnia.js
android/platform_www/plugins/IonicWebview/
android/platform_www/plugins/IonicWebview/src/
android/platform_www/plugins/IonicWebview/src/www/
android/platform_www/plugins/IonicWebview/src/www/util.js
android/platform_www/plugins/Keyboard/
android/platform_www/plugins/Keyboard/www/
android/platform_www/plugins/Keyboard/www/android/
android/platform_www/plugins/Keyboard/www/android/keyboard.js
android/platform_www/plugins/LocalNotification/
android/platform_www/plugins/LocalNotification/www/
android/platform_www/plugins/LocalNotification/www/local-notification.js
android/platform_www/plugins/MediaNative/
android/platform_www/plugins/MediaNative/www/
android/platform_www/plugins/MediaNative/www/Media.js
android/platform_www/plugins/MediaNative/www/MediaError.js
android/platform_www/plugins/MusicControls/
android/platform_www/plugins/MusicControls/www/
android/platform_www/plugins/MusicControls/www/MusicControls.js
android/platform_www/plugins/Navigator/
android/platform_www/plugins/Navigator/www/
android/platform_www/plugins/Navigator/www/navigator.js
android/platform_www/plugins/Permissions/
android/platform_www/plugins/Permissions/www/
android/platform_www/plugins/Permissions/www/permissions.js
android/platform_www/plugins/Promises/
android/platform_www/plugins/Promises/www/
android/platform_www/plugins/Promises/www/promise.js
android/platform_www/plugins/SocialSharing/
android/platform_www/plugins/SocialSharing/www/
android/platform_www/plugins/SocialSharing/www/SocialSharing.js
android/platform_www/plugins/StatusBar/
android/platform_www/plugins/StatusBar/www/
android/platform_www/plugins/StatusBar/www/statusbar.js
android/platform_www/plugins/Toast/
android/platform_www/plugins/Toast/www/
android/platform_www/plugins/Toast/www/Toast.js
android/platform_www/plugins/WebView/
android/platform_www/plugins/WebView/www/
android/platform_www/plugins/WebView/www/webViewPlugin.js
android/tools/
android/tools/gradlew
android/tools/gradlew.bat
android/tools/settings.gradle
android/tools/.gradle/
android/tools/.gradle/4.4.1/
android/tools/.gradle/4.4.1/fileChanges/
android/tools/.gradle/4.4.1/fileChanges/last-build.bin
android/tools/.gradle/4.4.1/fileHashes/
android/tools/.gradle/4.4.1/fileHashes/fileHashes.bin
android/tools/.gradle/4.4.1/fileHashes/fileHashes.lock
android/tools/.gradle/4.4.1/taskHistory/
android/tools/.gradle/4.4.1/taskHistory/taskHistory.bin
android/tools/.gradle/4.4.1/taskHistory/taskHistory.lock
android/tools/.gradle/buildOutputCleanup/
android/tools/.gradle/buildOutputCleanup/buildOutputCleanup.lock
android/tools/.gradle/buildOutputCleanup/cache.properties
android/tools/.gradle/buildOutputCleanup/outputFiles.bin
android/tools/gradle/
android/tools/gradle/wrapper/
android/tools/gradle/wrapper/gradle-wrapper.jar
android/tools/gradle/wrapper/gradle-wrapper.properties

sent 18,868,254 bytes  received 16,516 bytes  37,769,540.00 bytes/sec
total size is 18,797,732  speedup is 1.00
Copy done
[32mDone.[39m
